<?xml version="1.0" encoding="UTF-8"?>
<!-- Generated by org.testng.reporters.JUnitReportReporter -->
<testsuite hostname="DESKTOP-T64DMUJ" name="com.learn.automationtest.testCases.LoginTestCRM" tests="3" failures="0" timestamp="22 May 2019 14:01:40 GMT" time="6.774" errors="0">
  <testcase name="loginaPP" time="0.728" classname="com.learn.automationtest.testCases.LoginTestCRM"/>
  <testcase name="verifyinglogg" time="5.581" classname="com.learn.automationtest.testCases.LoginTestCRM"/>
  <testcase name="test2" time="0.465" classname="com.learn.automationtest.testCases.LoginTestCRM"/>
</testsuite> <!-- com.learn.automationtest.testCases.LoginTestCRM -->
